[1.226s] Invoking command in '/home/robu/work/robu_jamben19_ws/build/robu': PYTHONPATH=/home/robu/work/robu_jamben19_ws/build/robu/prefix_override:/home/robu/work/robu_jamben19_ws/install/robu/lib/python3.10/site-packages:${PYTHONPATH} /usr/bin/python3 setup.py develop --uninstall --editable --build-directory /home/robu/work/robu_jamben19_ws/build/robu/build
[1.776s] running develop
[2.123s] Invoked command in '/home/robu/work/robu_jamben19_ws/build/robu' returned '0': PYTHONPATH=/home/robu/work/robu_jamben19_ws/build/robu/prefix_override:/home/robu/work/robu_jamben19_ws/install/robu/lib/python3.10/site-packages:${PYTHONPATH} /usr/bin/python3 setup.py develop --uninstall --editable --build-directory /home/robu/work/robu_jamben19_ws/build/robu/build
[2.128s] Invoking command in '/home/robu/work/robu_jamben19_ws/src/robu': PYTHONPATH=/home/robu/work/robu_jamben19_ws/build/robu/prefix_override:/home/robu/work/robu_jamben19_ws/install/robu/lib/python3.10/site-packages:${PYTHONPATH} /usr/bin/python3 setup.py egg_info --egg-base ../../build/robu build --build-base /home/robu/work/robu_jamben19_ws/build/robu/build install --record /home/robu/work/robu_jamben19_ws/build/robu/install.log --single-version-externally-managed
[2.579s] running egg_info
[2.579s] writing ../../build/robu/robu.egg-info/PKG-INFO
[2.580s] writing dependency_links to ../../build/robu/robu.egg-info/dependency_links.txt
[2.581s] writing entry points to ../../build/robu/robu.egg-info/entry_points.txt
[2.581s] writing requirements to ../../build/robu/robu.egg-info/requires.txt
[2.581s] writing top-level names to ../../build/robu/robu.egg-info/top_level.txt
[2.586s] reading manifest file '../../build/robu/robu.egg-info/SOURCES.txt'
[2.588s] writing manifest file '../../build/robu/robu.egg-info/SOURCES.txt'
[2.588s] running build
[2.589s] running build_py
[2.589s] copying robu/ex10_wallfollower.py -> /home/robu/work/robu_jamben19_ws/build/robu/build/lib/robu
[2.589s] running install
[2.590s] running install_lib
[2.591s] copying /home/robu/work/robu_jamben19_ws/build/robu/build/lib/robu/ex10_wallfollower.py -> /home/robu/work/robu_jamben19_ws/install/robu/lib/python3.10/site-packages/robu
[2.592s] byte-compiling /home/robu/work/robu_jamben19_ws/install/robu/lib/python3.10/site-packages/robu/ex10_wallfollower.py to ex10_wallfollower.cpython-310.pyc
[2.594s] running install_data
[2.596s] running install_egg_info
[2.600s] removing '/home/robu/work/robu_jamben19_ws/install/robu/lib/python3.10/site-packages/robu-0.0.0-py3.10.egg-info' (and everything under it)
[2.601s] Copying ../../build/robu/robu.egg-info to /home/robu/work/robu_jamben19_ws/install/robu/lib/python3.10/site-packages/robu-0.0.0-py3.10.egg-info
[2.603s] running install_scripts
[2.637s] Installing mypublisher script to /home/robu/work/robu_jamben19_ws/install/robu/lib/robu
[2.638s] Installing mysubscriber script to /home/robu/work/robu_jamben19_ws/install/robu/lib/robu
[2.638s] Installing wallfollower script to /home/robu/work/robu_jamben19_ws/install/robu/lib/robu
[2.639s] writing list of installed files to '/home/robu/work/robu_jamben19_ws/build/robu/install.log'
[2.688s] Invoked command in '/home/robu/work/robu_jamben19_ws/src/robu' returned '0': PYTHONPATH=/home/robu/work/robu_jamben19_ws/build/robu/prefix_override:/home/robu/work/robu_jamben19_ws/install/robu/lib/python3.10/site-packages:${PYTHONPATH} /usr/bin/python3 setup.py egg_info --egg-base ../../build/robu build --build-base /home/robu/work/robu_jamben19_ws/build/robu/build install --record /home/robu/work/robu_jamben19_ws/build/robu/install.log --single-version-externally-managed
