[0.968s] Invoking command in '/home/robu/work/robu_jamben19_ws/src/robu': PYTHONPATH=/home/robu/work/robu_jamben19_ws/build/robu/prefix_override:/home/robu/work/robu_jamben19_ws/install/robu/lib/python3.10/site-packages:${PYTHONPATH} /usr/bin/python3 setup.py egg_info --egg-base ../../build/robu build --build-base /home/robu/work/robu_jamben19_ws/build/robu/build install --record /home/robu/work/robu_jamben19_ws/build/robu/install.log --single-version-externally-managed
[1.306s] running egg_info
[1.307s] writing ../../build/robu/robu.egg-info/PKG-INFO
[1.308s] writing dependency_links to ../../build/robu/robu.egg-info/dependency_links.txt
[1.309s] writing entry points to ../../build/robu/robu.egg-info/entry_points.txt
[1.310s] writing requirements to ../../build/robu/robu.egg-info/requires.txt
[1.311s] writing top-level names to ../../build/robu/robu.egg-info/top_level.txt
[1.313s] reading manifest file '../../build/robu/robu.egg-info/SOURCES.txt'
[1.315s] writing manifest file '../../build/robu/robu.egg-info/SOURCES.txt'
[1.316s] running build
[1.316s] running build_py
[1.316s] copying robu/ex11_parameter.py -> /home/robu/work/robu_jamben19_ws/build/robu/build/lib/robu
[1.318s] running install
[1.318s] running install_lib
[1.319s] copying /home/robu/work/robu_jamben19_ws/build/robu/build/lib/robu/ex11_parameter.py -> /home/robu/work/robu_jamben19_ws/install/robu/lib/python3.10/site-packages/robu
[1.321s] byte-compiling /home/robu/work/robu_jamben19_ws/install/robu/lib/python3.10/site-packages/robu/ex11_parameter.py to ex11_parameter.cpython-310.pyc
[1.322s] running install_data
[1.323s] running install_egg_info
[1.325s] removing '/home/robu/work/robu_jamben19_ws/install/robu/lib/python3.10/site-packages/robu-0.0.0-py3.10.egg-info' (and everything under it)
[1.326s] Copying ../../build/robu/robu.egg-info to /home/robu/work/robu_jamben19_ws/install/robu/lib/python3.10/site-packages/robu-0.0.0-py3.10.egg-info
[1.328s] running install_scripts
[1.357s] Installing myparameter script to /home/robu/work/robu_jamben19_ws/install/robu/lib/robu
[1.358s] Installing mypublisher script to /home/robu/work/robu_jamben19_ws/install/robu/lib/robu
[1.358s] Installing mysubscriber script to /home/robu/work/robu_jamben19_ws/install/robu/lib/robu
[1.359s] Installing wallfollower script to /home/robu/work/robu_jamben19_ws/install/robu/lib/robu
[1.360s] writing list of installed files to '/home/robu/work/robu_jamben19_ws/build/robu/install.log'
[1.398s] Invoked command in '/home/robu/work/robu_jamben19_ws/src/robu' returned '0': PYTHONPATH=/home/robu/work/robu_jamben19_ws/build/robu/prefix_override:/home/robu/work/robu_jamben19_ws/install/robu/lib/python3.10/site-packages:${PYTHONPATH} /usr/bin/python3 setup.py egg_info --egg-base ../../build/robu build --build-base /home/robu/work/robu_jamben19_ws/build/robu/build install --record /home/robu/work/robu_jamben19_ws/build/robu/install.log --single-version-externally-managed
