[1.209s] Invoking command in '/home/robu/work/robu_jamben19_ws/build/robu': PYTHONPATH=/home/robu/work/robu_jamben19_ws/build/robu/prefix_override:/home/robu/work/robu_jamben19_ws/install/robu/lib/python3.10/site-packages:${PYTHONPATH} /usr/bin/python3 setup.py develop --uninstall --editable --build-directory /home/robu/work/robu_jamben19_ws/build/robu/build
[1.773s] running develop
[2.162s] Invoked command in '/home/robu/work/robu_jamben19_ws/build/robu' returned '0': PYTHONPATH=/home/robu/work/robu_jamben19_ws/build/robu/prefix_override:/home/robu/work/robu_jamben19_ws/install/robu/lib/python3.10/site-packages:${PYTHONPATH} /usr/bin/python3 setup.py develop --uninstall --editable --build-directory /home/robu/work/robu_jamben19_ws/build/robu/build
[2.162s] Invoking command in '/home/robu/work/robu_jamben19_ws/src/robu': PYTHONPATH=/home/robu/work/robu_jamben19_ws/build/robu/prefix_override:/home/robu/work/robu_jamben19_ws/install/robu/lib/python3.10/site-packages:${PYTHONPATH} /usr/bin/python3 setup.py egg_info --egg-base ../../build/robu build --build-base /home/robu/work/robu_jamben19_ws/build/robu/build install --record /home/robu/work/robu_jamben19_ws/build/robu/install.log --single-version-externally-managed
[2.673s] running egg_info
[2.673s] writing ../../build/robu/robu.egg-info/PKG-INFO
[2.674s] writing dependency_links to ../../build/robu/robu.egg-info/dependency_links.txt
[2.674s] writing entry points to ../../build/robu/robu.egg-info/entry_points.txt
[2.674s] writing requirements to ../../build/robu/robu.egg-info/requires.txt
[2.675s] writing top-level names to ../../build/robu/robu.egg-info/top_level.txt
[2.679s] reading manifest file '../../build/robu/robu.egg-info/SOURCES.txt'
[2.681s] writing manifest file '../../build/robu/robu.egg-info/SOURCES.txt'
[2.681s] running build
[2.682s] running build_py
[2.682s] copying robu/ex10_wallfollower.py -> /home/robu/work/robu_jamben19_ws/build/robu/build/lib/robu
[2.683s] running install
[2.684s] running install_lib
[2.685s] copying /home/robu/work/robu_jamben19_ws/build/robu/build/lib/robu/ex10_wallfollower.py -> /home/robu/work/robu_jamben19_ws/install/robu/lib/python3.10/site-packages/robu
[2.687s] byte-compiling /home/robu/work/robu_jamben19_ws/install/robu/lib/python3.10/site-packages/robu/ex10_wallfollower.py to ex10_wallfollower.cpython-310.pyc
[2.689s] running install_data
[2.690s] running install_egg_info
[2.693s] removing '/home/robu/work/robu_jamben19_ws/install/robu/lib/python3.10/site-packages/robu-0.0.0-py3.10.egg-info' (and everything under it)
[2.693s] Copying ../../build/robu/robu.egg-info to /home/robu/work/robu_jamben19_ws/install/robu/lib/python3.10/site-packages/robu-0.0.0-py3.10.egg-info
[2.695s] running install_scripts
[2.730s] Installing mypublisher script to /home/robu/work/robu_jamben19_ws/install/robu/lib/robu
[2.731s] Installing mysubscriber script to /home/robu/work/robu_jamben19_ws/install/robu/lib/robu
[2.733s] Installing wallfollower script to /home/robu/work/robu_jamben19_ws/install/robu/lib/robu
[2.734s] writing list of installed files to '/home/robu/work/robu_jamben19_ws/build/robu/install.log'
[2.812s] Invoked command in '/home/robu/work/robu_jamben19_ws/src/robu' returned '0': PYTHONPATH=/home/robu/work/robu_jamben19_ws/build/robu/prefix_override:/home/robu/work/robu_jamben19_ws/install/robu/lib/python3.10/site-packages:${PYTHONPATH} /usr/bin/python3 setup.py egg_info --egg-base ../../build/robu build --build-base /home/robu/work/robu_jamben19_ws/build/robu/build install --record /home/robu/work/robu_jamben19_ws/build/robu/install.log --single-version-externally-managed
