[0.962s] Invoking command in '/home/robu/work/robu_jamben19_ws/build/robu': PYTHONPATH=/home/robu/work/robu_jamben19_ws/build/robu/prefix_override:/home/robu/work/robu_jamben19_ws/install/robu/lib/python3.10/site-packages:${PYTHONPATH} /usr/bin/python3 setup.py develop --uninstall --editable --build-directory /home/robu/work/robu_jamben19_ws/build/robu/build
[1.387s] running develop
[1.655s] Removing /home/robu/work/robu_jamben19_ws/install/robu/lib/python3.10/site-packages/robu.egg-link (link to .)
[1.716s] Invoked command in '/home/robu/work/robu_jamben19_ws/build/robu' returned '0': PYTHONPATH=/home/robu/work/robu_jamben19_ws/build/robu/prefix_override:/home/robu/work/robu_jamben19_ws/install/robu/lib/python3.10/site-packages:${PYTHONPATH} /usr/bin/python3 setup.py develop --uninstall --editable --build-directory /home/robu/work/robu_jamben19_ws/build/robu/build
[1.717s] Invoking command in '/home/robu/work/robu_jamben19_ws/src/robu': PYTHONPATH=/home/robu/work/robu_jamben19_ws/build/robu/prefix_override:/home/robu/work/robu_jamben19_ws/install/robu/lib/python3.10/site-packages:${PYTHONPATH} /usr/bin/python3 setup.py egg_info --egg-base ../../build/robu build --build-base /home/robu/work/robu_jamben19_ws/build/robu/build install --record /home/robu/work/robu_jamben19_ws/build/robu/install.log --single-version-externally-managed
[2.128s] running egg_info
[2.129s] writing ../../build/robu/robu.egg-info/PKG-INFO
[2.130s] writing dependency_links to ../../build/robu/robu.egg-info/dependency_links.txt
[2.130s] writing entry points to ../../build/robu/robu.egg-info/entry_points.txt
[2.131s] writing requirements to ../../build/robu/robu.egg-info/requires.txt
[2.131s] writing top-level names to ../../build/robu/robu.egg-info/top_level.txt
[2.136s] reading manifest file '../../build/robu/robu.egg-info/SOURCES.txt'
[2.138s] writing manifest file '../../build/robu/robu.egg-info/SOURCES.txt'
[2.138s] running build
[2.138s] running build_py
[2.138s] creating /home/robu/work/robu_jamben19_ws/build/robu/build
[2.139s] creating /home/robu/work/robu_jamben19_ws/build/robu/build/lib
[2.139s] creating /home/robu/work/robu_jamben19_ws/build/robu/build/lib/robu
[2.139s] copying robu/ex10_wallfollower.py -> /home/robu/work/robu_jamben19_ws/build/robu/build/lib/robu
[2.139s] copying robu/publisher_member_function.py -> /home/robu/work/robu_jamben19_ws/build/robu/build/lib/robu
[2.140s] copying robu/__init__.py -> /home/robu/work/robu_jamben19_ws/build/robu/build/lib/robu
[2.140s] copying robu/subscriber_member_function.py -> /home/robu/work/robu_jamben19_ws/build/robu/build/lib/robu
[2.140s] running install
[2.141s] running install_lib
[2.142s] creating /home/robu/work/robu_jamben19_ws/install/robu/lib/python3.10/site-packages/robu
[2.142s] copying /home/robu/work/robu_jamben19_ws/build/robu/build/lib/robu/ex10_wallfollower.py -> /home/robu/work/robu_jamben19_ws/install/robu/lib/python3.10/site-packages/robu
[2.142s] copying /home/robu/work/robu_jamben19_ws/build/robu/build/lib/robu/publisher_member_function.py -> /home/robu/work/robu_jamben19_ws/install/robu/lib/python3.10/site-packages/robu
[2.143s] copying /home/robu/work/robu_jamben19_ws/build/robu/build/lib/robu/__init__.py -> /home/robu/work/robu_jamben19_ws/install/robu/lib/python3.10/site-packages/robu
[2.144s] copying /home/robu/work/robu_jamben19_ws/build/robu/build/lib/robu/subscriber_member_function.py -> /home/robu/work/robu_jamben19_ws/install/robu/lib/python3.10/site-packages/robu
[2.145s] byte-compiling /home/robu/work/robu_jamben19_ws/install/robu/lib/python3.10/site-packages/robu/ex10_wallfollower.py to ex10_wallfollower.cpython-310.pyc
[2.145s] byte-compiling /home/robu/work/robu_jamben19_ws/install/robu/lib/python3.10/site-packages/robu/publisher_member_function.py to publisher_member_function.cpython-310.pyc
[2.146s] byte-compiling /home/robu/work/robu_jamben19_ws/install/robu/lib/python3.10/site-packages/robu/__init__.py to __init__.cpython-310.pyc
[2.147s] byte-compiling /home/robu/work/robu_jamben19_ws/install/robu/lib/python3.10/site-packages/robu/subscriber_member_function.py to subscriber_member_function.cpython-310.pyc
[2.147s] running install_data
[2.148s] copying package.xml -> /home/robu/work/robu_jamben19_ws/install/robu/share/robu
[2.148s] running install_egg_info
[2.150s] Copying ../../build/robu/robu.egg-info to /home/robu/work/robu_jamben19_ws/install/robu/lib/python3.10/site-packages/robu-0.0.0-py3.10.egg-info
[2.152s] running install_scripts
[2.180s] Installing mypublisher script to /home/robu/work/robu_jamben19_ws/install/robu/lib/robu
[2.181s] Installing mysubscriber script to /home/robu/work/robu_jamben19_ws/install/robu/lib/robu
[2.181s] Installing wallfollower script to /home/robu/work/robu_jamben19_ws/install/robu/lib/robu
[2.182s] writing list of installed files to '/home/robu/work/robu_jamben19_ws/build/robu/install.log'
[2.221s] Invoked command in '/home/robu/work/robu_jamben19_ws/src/robu' returned '0': PYTHONPATH=/home/robu/work/robu_jamben19_ws/build/robu/prefix_override:/home/robu/work/robu_jamben19_ws/install/robu/lib/python3.10/site-packages:${PYTHONPATH} /usr/bin/python3 setup.py egg_info --egg-base ../../build/robu build --build-base /home/robu/work/robu_jamben19_ws/build/robu/build install --record /home/robu/work/robu_jamben19_ws/build/robu/install.log --single-version-externally-managed
