[1.198s] Invoking command in '/home/robu/work/robu_jamben19_ws/src/robu': PYTHONPATH=/home/robu/work/robu_jamben19_ws/build/robu/prefix_override:/home/robu/work/robu_jamben19_ws/install/robu/lib/python3.10/site-packages:${PYTHONPATH} /usr/bin/python3 setup.py egg_info --egg-base ../../build/robu build --build-base /home/robu/work/robu_jamben19_ws/build/robu/build install --record /home/robu/work/robu_jamben19_ws/build/robu/install.log --single-version-externally-managed
[1.640s] running egg_info
[1.641s] writing ../../build/robu/robu.egg-info/PKG-INFO
[1.641s] writing dependency_links to ../../build/robu/robu.egg-info/dependency_links.txt
[1.642s] writing entry points to ../../build/robu/robu.egg-info/entry_points.txt
[1.642s] writing requirements to ../../build/robu/robu.egg-info/requires.txt
[1.642s] writing top-level names to ../../build/robu/robu.egg-info/top_level.txt
[1.646s] reading manifest file '../../build/robu/robu.egg-info/SOURCES.txt'
[1.649s] writing manifest file '../../build/robu/robu.egg-info/SOURCES.txt'
[1.649s] running build
[1.649s] running build_py
[1.650s] running install
[1.651s] running install_lib
[1.654s] running install_data
[1.655s] running install_egg_info
[1.658s] removing '/home/robu/work/robu_jamben19_ws/install/robu/lib/python3.10/site-packages/robu-0.0.0-py3.10.egg-info' (and everything under it)
[1.659s] Copying ../../build/robu/robu.egg-info to /home/robu/work/robu_jamben19_ws/install/robu/lib/python3.10/site-packages/robu-0.0.0-py3.10.egg-info
[1.661s] running install_scripts
[1.694s] Installing mypublisher script to /home/robu/work/robu_jamben19_ws/install/robu/lib/robu
[1.695s] Installing mysubscriber script to /home/robu/work/robu_jamben19_ws/install/robu/lib/robu
[1.695s] Installing wallfollower script to /home/robu/work/robu_jamben19_ws/install/robu/lib/robu
[1.696s] writing list of installed files to '/home/robu/work/robu_jamben19_ws/build/robu/install.log'
[1.763s] Invoked command in '/home/robu/work/robu_jamben19_ws/src/robu' returned '0': PYTHONPATH=/home/robu/work/robu_jamben19_ws/build/robu/prefix_override:/home/robu/work/robu_jamben19_ws/install/robu/lib/python3.10/site-packages:${PYTHONPATH} /usr/bin/python3 setup.py egg_info --egg-base ../../build/robu build --build-base /home/robu/work/robu_jamben19_ws/build/robu/build install --record /home/robu/work/robu_jamben19_ws/build/robu/install.log --single-version-externally-managed
