[0.962s] Invoking command in '/home/robu/work/robu_jamben19_ws/src/robu': PYTHONPATH=/home/robu/work/robu_jamben19_ws/build/robu/prefix_override:/home/robu/work/robu_jamben19_ws/install/robu/lib/python3.10/site-packages:${PYTHONPATH} /usr/bin/python3 setup.py egg_info --egg-base ../../build/robu build --build-base /home/robu/work/robu_jamben19_ws/build/robu/build install --record /home/robu/work/robu_jamben19_ws/build/robu/install.log --single-version-externally-managed
[1.315s] running egg_info
[1.315s] writing ../../build/robu/robu.egg-info/PKG-INFO
[1.316s] writing dependency_links to ../../build/robu/robu.egg-info/dependency_links.txt
[1.316s] writing entry points to ../../build/robu/robu.egg-info/entry_points.txt
[1.316s] writing requirements to ../../build/robu/robu.egg-info/requires.txt
[1.317s] writing top-level names to ../../build/robu/robu.egg-info/top_level.txt
[1.319s] reading manifest file '../../build/robu/robu.egg-info/SOURCES.txt'
[1.320s] writing manifest file '../../build/robu/robu.egg-info/SOURCES.txt'
[1.321s] running build
[1.321s] running build_py
[1.321s] copying robu/ex11_parameter.py -> /home/robu/work/robu_jamben19_ws/build/robu/build/lib/robu
[1.321s] running install
[1.322s] running install_lib
[1.322s] copying /home/robu/work/robu_jamben19_ws/build/robu/build/lib/robu/ex11_parameter.py -> /home/robu/work/robu_jamben19_ws/install/robu/lib/python3.10/site-packages/robu
[1.323s] byte-compiling /home/robu/work/robu_jamben19_ws/install/robu/lib/python3.10/site-packages/robu/ex11_parameter.py to ex11_parameter.cpython-310.pyc
[1.324s] running install_data
[1.325s] running install_egg_info
[1.327s] removing '/home/robu/work/robu_jamben19_ws/install/robu/lib/python3.10/site-packages/robu-0.0.0-py3.10.egg-info' (and everything under it)
[1.328s] Copying ../../build/robu/robu.egg-info to /home/robu/work/robu_jamben19_ws/install/robu/lib/python3.10/site-packages/robu-0.0.0-py3.10.egg-info
[1.329s] running install_scripts
[1.359s] Installing myparameter script to /home/robu/work/robu_jamben19_ws/install/robu/lib/robu
[1.360s] Installing mypublisher script to /home/robu/work/robu_jamben19_ws/install/robu/lib/robu
[1.360s] Installing mysubscriber script to /home/robu/work/robu_jamben19_ws/install/robu/lib/robu
[1.361s] Installing wallfollower script to /home/robu/work/robu_jamben19_ws/install/robu/lib/robu
[1.361s] writing list of installed files to '/home/robu/work/robu_jamben19_ws/build/robu/install.log'
[1.409s] Invoked command in '/home/robu/work/robu_jamben19_ws/src/robu' returned '0': PYTHONPATH=/home/robu/work/robu_jamben19_ws/build/robu/prefix_override:/home/robu/work/robu_jamben19_ws/install/robu/lib/python3.10/site-packages:${PYTHONPATH} /usr/bin/python3 setup.py egg_info --egg-base ../../build/robu build --build-base /home/robu/work/robu_jamben19_ws/build/robu/build install --record /home/robu/work/robu_jamben19_ws/build/robu/install.log --single-version-externally-managed
