[1.177s] Invoking command in '/home/robu/work/robu_jamben19_ws/src/robu': PYTHONPATH=/home/robu/work/robu_jamben19_ws/build/robu/prefix_override:/home/robu/work/robu_jamben19_ws/install/robu/lib/python3.10/site-packages:${PYTHONPATH} /usr/bin/python3 setup.py egg_info --egg-base ../../build/robu build --build-base /home/robu/work/robu_jamben19_ws/build/robu/build install --record /home/robu/work/robu_jamben19_ws/build/robu/install.log --single-version-externally-managed
[1.611s] running egg_info
[1.612s] writing ../../build/robu/robu.egg-info/PKG-INFO
[1.613s] writing dependency_links to ../../build/robu/robu.egg-info/dependency_links.txt
[1.614s] writing entry points to ../../build/robu/robu.egg-info/entry_points.txt
[1.614s] writing requirements to ../../build/robu/robu.egg-info/requires.txt
[1.614s] writing top-level names to ../../build/robu/robu.egg-info/top_level.txt
[1.620s] reading manifest file '../../build/robu/robu.egg-info/SOURCES.txt'
[1.620s] writing manifest file '../../build/robu/robu.egg-info/SOURCES.txt'
[1.621s] running build
[1.621s] running build_py
[1.622s] running install
[1.623s] running install_lib
[1.627s] running install_data
[1.628s] running install_egg_info
[1.633s] removing '/home/robu/work/robu_jamben19_ws/install/robu/lib/python3.10/site-packages/robu-0.0.0-py3.10.egg-info' (and everything under it)
[1.635s] Copying ../../build/robu/robu.egg-info to /home/robu/work/robu_jamben19_ws/install/robu/lib/python3.10/site-packages/robu-0.0.0-py3.10.egg-info
[1.635s] running install_scripts
[1.672s] Installing mypublisher script to /home/robu/work/robu_jamben19_ws/install/robu/lib/robu
[1.672s] Installing mysubscriber script to /home/robu/work/robu_jamben19_ws/install/robu/lib/robu
[1.672s] Installing wallfollower script to /home/robu/work/robu_jamben19_ws/install/robu/lib/robu
[1.673s] writing list of installed files to '/home/robu/work/robu_jamben19_ws/build/robu/install.log'
[1.745s] Invoked command in '/home/robu/work/robu_jamben19_ws/src/robu' returned '0': PYTHONPATH=/home/robu/work/robu_jamben19_ws/build/robu/prefix_override:/home/robu/work/robu_jamben19_ws/install/robu/lib/python3.10/site-packages:${PYTHONPATH} /usr/bin/python3 setup.py egg_info --egg-base ../../build/robu build --build-base /home/robu/work/robu_jamben19_ws/build/robu/build install --record /home/robu/work/robu_jamben19_ws/build/robu/install.log --single-version-externally-managed
