[1.089s] Invoking command in '/home/robu/work/robu_jamben19_ws/src/robu': PYTHONPATH=/home/robu/work/robu_jamben19_ws/build/robu/prefix_override:/home/robu/work/robu_jamben19_ws/install/robu/lib/python3.10/site-packages:${PYTHONPATH} /usr/bin/python3 setup.py egg_info --egg-base ../../build/robu build --build-base /home/robu/work/robu_jamben19_ws/build/robu/build install --record /home/robu/work/robu_jamben19_ws/build/robu/install.log --single-version-externally-managed
[1.534s] running egg_info
[1.535s] writing ../../build/robu/robu.egg-info/PKG-INFO
[1.535s] writing dependency_links to ../../build/robu/robu.egg-info/dependency_links.txt
[1.536s] writing entry points to ../../build/robu/robu.egg-info/entry_points.txt
[1.536s] writing requirements to ../../build/robu/robu.egg-info/requires.txt
[1.536s] writing top-level names to ../../build/robu/robu.egg-info/top_level.txt
[1.540s] reading manifest file '../../build/robu/robu.egg-info/SOURCES.txt'
[1.541s] writing manifest file '../../build/robu/robu.egg-info/SOURCES.txt'
[1.541s] running build
[1.541s] running build_py
[1.542s] running install
[1.542s] running install_lib
[1.544s] running install_data
[1.546s] running install_egg_info
[1.550s] removing '/home/robu/work/robu_jamben19_ws/install/robu/lib/python3.10/site-packages/robu-0.0.0-py3.10.egg-info' (and everything under it)
[1.565s] Copying ../../build/robu/robu.egg-info to /home/robu/work/robu_jamben19_ws/install/robu/lib/python3.10/site-packages/robu-0.0.0-py3.10.egg-info
[1.565s] running install_scripts
[1.587s] Installing mypublisher script to /home/robu/work/robu_jamben19_ws/install/robu/lib/robu
[1.587s] Installing mysubscriber script to /home/robu/work/robu_jamben19_ws/install/robu/lib/robu
[1.587s] Installing wallfollower script to /home/robu/work/robu_jamben19_ws/install/robu/lib/robu
[1.588s] writing list of installed files to '/home/robu/work/robu_jamben19_ws/build/robu/install.log'
[1.669s] Invoked command in '/home/robu/work/robu_jamben19_ws/src/robu' returned '0': PYTHONPATH=/home/robu/work/robu_jamben19_ws/build/robu/prefix_override:/home/robu/work/robu_jamben19_ws/install/robu/lib/python3.10/site-packages:${PYTHONPATH} /usr/bin/python3 setup.py egg_info --egg-base ../../build/robu build --build-base /home/robu/work/robu_jamben19_ws/build/robu/build install --record /home/robu/work/robu_jamben19_ws/build/robu/install.log --single-version-externally-managed
