[0.840s] Invoking command in '/home/robu/work/robu_jamben19_ws/build/robu': PYTHONPATH=/home/robu/work/robu_jamben19_ws/build/robu/prefix_override:/home/robu/work/robu_jamben19_ws/install/robu/lib/python3.10/site-packages:${PYTHONPATH} /usr/bin/python3 setup.py develop --editable --build-directory /home/robu/work/robu_jamben19_ws/build/robu/build --no-deps install_data
[1.209s] running develop
[1.446s] running egg_info
[1.447s] writing robu.egg-info/PKG-INFO
[1.448s] writing dependency_links to robu.egg-info/dependency_links.txt
[1.448s] writing entry points to robu.egg-info/entry_points.txt
[1.449s] writing requirements to robu.egg-info/requires.txt
[1.449s] writing top-level names to robu.egg-info/top_level.txt
[1.451s] reading manifest file 'robu.egg-info/SOURCES.txt'
[1.453s] writing manifest file 'robu.egg-info/SOURCES.txt'
[1.454s] running build_ext
[1.455s] Creating /home/robu/work/robu_jamben19_ws/install/robu/lib/python3.10/site-packages/robu.egg-link (link to .)
[1.456s] Installing mypublisher script to /home/robu/work/robu_jamben19_ws/install/robu/lib/robu
[1.457s] Installing mysubscriber script to /home/robu/work/robu_jamben19_ws/install/robu/lib/robu
[1.457s] Installing wallfollower script to /home/robu/work/robu_jamben19_ws/install/robu/lib/robu
[1.458s] 
[1.458s] Installed /home/robu/work/robu_jamben19_ws/build/robu
[1.458s] running install_data
[1.459s] copying package.xml -> /home/robu/work/robu_jamben19_ws/install/robu/share/robu
[1.509s] Invoked command in '/home/robu/work/robu_jamben19_ws/build/robu' returned '0': PYTHONPATH=/home/robu/work/robu_jamben19_ws/build/robu/prefix_override:/home/robu/work/robu_jamben19_ws/install/robu/lib/python3.10/site-packages:${PYTHONPATH} /usr/bin/python3 setup.py develop --editable --build-directory /home/robu/work/robu_jamben19_ws/build/robu/build --no-deps install_data
