[1.078s] Invoking command in '/home/robu/work/robu_jamben19_ws/build/robu': PYTHONPATH=/home/robu/work/robu_jamben19_ws/build/robu/prefix_override:/home/robu/work/robu_jamben19_ws/install/robu/lib/python3.10/site-packages:${PYTHONPATH} /usr/bin/python3 setup.py develop --uninstall --editable --build-directory /home/robu/work/robu_jamben19_ws/build/robu/build
[1.541s] running develop
[1.921s] Invoked command in '/home/robu/work/robu_jamben19_ws/build/robu' returned '0': PYTHONPATH=/home/robu/work/robu_jamben19_ws/build/robu/prefix_override:/home/robu/work/robu_jamben19_ws/install/robu/lib/python3.10/site-packages:${PYTHONPATH} /usr/bin/python3 setup.py develop --uninstall --editable --build-directory /home/robu/work/robu_jamben19_ws/build/robu/build
[1.925s] Invoking command in '/home/robu/work/robu_jamben19_ws/src/robu': PYTHONPATH=/home/robu/work/robu_jamben19_ws/build/robu/prefix_override:/home/robu/work/robu_jamben19_ws/install/robu/lib/python3.10/site-packages:${PYTHONPATH} /usr/bin/python3 setup.py egg_info --egg-base ../../build/robu build --build-base /home/robu/work/robu_jamben19_ws/build/robu/build install --record /home/robu/work/robu_jamben19_ws/build/robu/install.log --single-version-externally-managed
[2.367s] running egg_info
[2.368s] writing ../../build/robu/robu.egg-info/PKG-INFO
[2.369s] writing dependency_links to ../../build/robu/robu.egg-info/dependency_links.txt
[2.369s] writing entry points to ../../build/robu/robu.egg-info/entry_points.txt
[2.370s] writing requirements to ../../build/robu/robu.egg-info/requires.txt
[2.370s] writing top-level names to ../../build/robu/robu.egg-info/top_level.txt
[2.372s] reading manifest file '../../build/robu/robu.egg-info/SOURCES.txt'
[2.373s] writing manifest file '../../build/robu/robu.egg-info/SOURCES.txt'
[2.374s] running build
[2.374s] running build_py
[2.374s] running install
[2.375s] running install_lib
[2.376s] byte-compiling /home/robu/work/robu_jamben19_ws/install/robu/lib/python3.10/site-packages/robu/ex10_wallfollower.py to ex10_wallfollower.cpython-310.pyc
[2.377s]   File "/home/robu/work/robu_jamben19_ws/install/robu/lib/python3.10/site-packages/robu/ex10_wallfollower.py", line 76
[2.378s]     "rd: %.2f m", % self.rear_dist,
[2.378s]                   ^
[2.378s] SyntaxError: invalid syntax
[2.378s] 
[2.378s] running install_data
[2.379s] running install_egg_info
[2.380s] removing '/home/robu/work/robu_jamben19_ws/install/robu/lib/python3.10/site-packages/robu-0.0.0-py3.10.egg-info' (and everything under it)
[2.381s] Copying ../../build/robu/robu.egg-info to /home/robu/work/robu_jamben19_ws/install/robu/lib/python3.10/site-packages/robu-0.0.0-py3.10.egg-info
[2.383s] running install_scripts
[2.409s] Installing mypublisher script to /home/robu/work/robu_jamben19_ws/install/robu/lib/robu
[2.410s] Installing mysubscriber script to /home/robu/work/robu_jamben19_ws/install/robu/lib/robu
[2.410s] Installing wallfollower script to /home/robu/work/robu_jamben19_ws/install/robu/lib/robu
[2.411s] writing list of installed files to '/home/robu/work/robu_jamben19_ws/build/robu/install.log'
[2.465s] Invoked command in '/home/robu/work/robu_jamben19_ws/src/robu' returned '0': PYTHONPATH=/home/robu/work/robu_jamben19_ws/build/robu/prefix_override:/home/robu/work/robu_jamben19_ws/install/robu/lib/python3.10/site-packages:${PYTHONPATH} /usr/bin/python3 setup.py egg_info --egg-base ../../build/robu build --build-base /home/robu/work/robu_jamben19_ws/build/robu/build install --record /home/robu/work/robu_jamben19_ws/build/robu/install.log --single-version-externally-managed
