[1.230s] Invoking command in '/home/robu/work/robu_jamben19_ws/src/robu': PYTHONPATH=/home/robu/work/robu_jamben19_ws/build/robu/prefix_override:/home/robu/work/robu_jamben19_ws/install/robu/lib/python3.10/site-packages:${PYTHONPATH} /usr/bin/python3 setup.py egg_info --egg-base ../../build/robu build --build-base /home/robu/work/robu_jamben19_ws/build/robu/build install --record /home/robu/work/robu_jamben19_ws/build/robu/install.log --single-version-externally-managed
[1.705s] running egg_info
[1.706s] writing ../../build/robu/robu.egg-info/PKG-INFO
[1.707s] writing dependency_links to ../../build/robu/robu.egg-info/dependency_links.txt
[1.708s] writing entry points to ../../build/robu/robu.egg-info/entry_points.txt
[1.708s] writing requirements to ../../build/robu/robu.egg-info/requires.txt
[1.709s] writing top-level names to ../../build/robu/robu.egg-info/top_level.txt
[1.712s] reading manifest file '../../build/robu/robu.egg-info/SOURCES.txt'
[1.714s] writing manifest file '../../build/robu/robu.egg-info/SOURCES.txt'
[1.715s] running build
[1.715s] running build_py
[1.715s] copying robu/ex10_wallfollower.py -> /home/robu/work/robu_jamben19_ws/build/robu/build/lib/robu
[1.716s] running install
[1.716s] running install_lib
[1.718s] copying /home/robu/work/robu_jamben19_ws/build/robu/build/lib/robu/ex10_wallfollower.py -> /home/robu/work/robu_jamben19_ws/install/robu/lib/python3.10/site-packages/robu
[1.719s] byte-compiling /home/robu/work/robu_jamben19_ws/install/robu/lib/python3.10/site-packages/robu/ex10_wallfollower.py to ex10_wallfollower.cpython-310.pyc
[1.722s] running install_data
[1.724s] running install_egg_info
[1.725s] removing '/home/robu/work/robu_jamben19_ws/install/robu/lib/python3.10/site-packages/robu-0.0.0-py3.10.egg-info' (and everything under it)
[1.733s] Copying ../../build/robu/robu.egg-info to /home/robu/work/robu_jamben19_ws/install/robu/lib/python3.10/site-packages/robu-0.0.0-py3.10.egg-info
[1.735s] running install_scripts
[1.770s] Installing mypublisher script to /home/robu/work/robu_jamben19_ws/install/robu/lib/robu
[1.770s] Installing mysubscriber script to /home/robu/work/robu_jamben19_ws/install/robu/lib/robu
[1.771s] Installing wallfollower script to /home/robu/work/robu_jamben19_ws/install/robu/lib/robu
[1.772s] writing list of installed files to '/home/robu/work/robu_jamben19_ws/build/robu/install.log'
[1.817s] Invoked command in '/home/robu/work/robu_jamben19_ws/src/robu' returned '0': PYTHONPATH=/home/robu/work/robu_jamben19_ws/build/robu/prefix_override:/home/robu/work/robu_jamben19_ws/install/robu/lib/python3.10/site-packages:${PYTHONPATH} /usr/bin/python3 setup.py egg_info --egg-base ../../build/robu build --build-base /home/robu/work/robu_jamben19_ws/build/robu/build install --record /home/robu/work/robu_jamben19_ws/build/robu/install.log --single-version-externally-managed
