[0.929s] Invoking command in '/home/robu/work/robu_jamben19_ws/src/robu': PYTHONPATH=/home/robu/work/robu_jamben19_ws/build/robu/prefix_override:/home/robu/work/robu_jamben19_ws/install/robu/lib/python3.10/site-packages:${PYTHONPATH} /usr/bin/python3 setup.py egg_info --egg-base ../../build/robu build --build-base /home/robu/work/robu_jamben19_ws/build/robu/build install --record /home/robu/work/robu_jamben19_ws/build/robu/install.log --single-version-externally-managed
[1.286s] running egg_info
[1.286s] writing ../../build/robu/robu.egg-info/PKG-INFO
[1.287s] writing dependency_links to ../../build/robu/robu.egg-info/dependency_links.txt
[1.288s] writing entry points to ../../build/robu/robu.egg-info/entry_points.txt
[1.288s] writing requirements to ../../build/robu/robu.egg-info/requires.txt
[1.288s] writing top-level names to ../../build/robu/robu.egg-info/top_level.txt
[1.290s] reading manifest file '../../build/robu/robu.egg-info/SOURCES.txt'
[1.291s] writing manifest file '../../build/robu/robu.egg-info/SOURCES.txt'
[1.292s] running build
[1.292s] running build_py
[1.292s] running install
[1.292s] running install_lib
[1.294s] running install_data
[1.294s] running install_egg_info
[1.296s] removing '/home/robu/work/robu_jamben19_ws/install/robu/lib/python3.10/site-packages/robu-0.0.0-py3.10.egg-info' (and everything under it)
[1.297s] Copying ../../build/robu/robu.egg-info to /home/robu/work/robu_jamben19_ws/install/robu/lib/python3.10/site-packages/robu-0.0.0-py3.10.egg-info
[1.299s] running install_scripts
[1.322s] Installing mypublisher script to /home/robu/work/robu_jamben19_ws/install/robu/lib/robu
[1.322s] Installing mysubscriber script to /home/robu/work/robu_jamben19_ws/install/robu/lib/robu
[1.323s] Installing wallfollower script to /home/robu/work/robu_jamben19_ws/install/robu/lib/robu
[1.323s] writing list of installed files to '/home/robu/work/robu_jamben19_ws/build/robu/install.log'
[1.372s] Invoked command in '/home/robu/work/robu_jamben19_ws/src/robu' returned '0': PYTHONPATH=/home/robu/work/robu_jamben19_ws/build/robu/prefix_override:/home/robu/work/robu_jamben19_ws/install/robu/lib/python3.10/site-packages:${PYTHONPATH} /usr/bin/python3 setup.py egg_info --egg-base ../../build/robu build --build-base /home/robu/work/robu_jamben19_ws/build/robu/build install --record /home/robu/work/robu_jamben19_ws/build/robu/install.log --single-version-externally-managed
