[1.094s] Invoking command in '/home/robu/work/robu_jamben19_ws/build/robu': PYTHONPATH=/home/robu/work/robu_jamben19_ws/build/robu/prefix_override:/home/robu/work/robu_jamben19_ws/install/robu/lib/python3.10/site-packages:${PYTHONPATH} /usr/bin/python3 setup.py develop --uninstall --editable --build-directory /home/robu/work/robu_jamben19_ws/build/robu/build
[1.502s] running develop
[1.836s] Invoked command in '/home/robu/work/robu_jamben19_ws/build/robu' returned '0': PYTHONPATH=/home/robu/work/robu_jamben19_ws/build/robu/prefix_override:/home/robu/work/robu_jamben19_ws/install/robu/lib/python3.10/site-packages:${PYTHONPATH} /usr/bin/python3 setup.py develop --uninstall --editable --build-directory /home/robu/work/robu_jamben19_ws/build/robu/build
[1.838s] Invoking command in '/home/robu/work/robu_jamben19_ws/src/robu': PYTHONPATH=/home/robu/work/robu_jamben19_ws/build/robu/prefix_override:/home/robu/work/robu_jamben19_ws/install/robu/lib/python3.10/site-packages:${PYTHONPATH} /usr/bin/python3 setup.py egg_info --egg-base ../../build/robu build --build-base /home/robu/work/robu_jamben19_ws/build/robu/build install --record /home/robu/work/robu_jamben19_ws/build/robu/install.log --single-version-externally-managed
[2.260s] running egg_info
[2.261s] writing ../../build/robu/robu.egg-info/PKG-INFO
[2.261s] writing dependency_links to ../../build/robu/robu.egg-info/dependency_links.txt
[2.262s] writing entry points to ../../build/robu/robu.egg-info/entry_points.txt
[2.262s] writing requirements to ../../build/robu/robu.egg-info/requires.txt
[2.262s] writing top-level names to ../../build/robu/robu.egg-info/top_level.txt
[2.265s] reading manifest file '../../build/robu/robu.egg-info/SOURCES.txt'
[2.266s] writing manifest file '../../build/robu/robu.egg-info/SOURCES.txt'
[2.266s] running build
[2.266s] running build_py
[2.267s] running install
[2.267s] running install_lib
[2.269s] byte-compiling /home/robu/work/robu_jamben19_ws/install/robu/lib/python3.10/site-packages/robu/ex10_wallfollower.py to ex10_wallfollower.cpython-310.pyc
[2.270s]   File "/home/robu/work/robu_jamben19_ws/install/robu/lib/python3.10/site-packages/robu/ex10_wallfollower.py", line 76
[2.270s]     "rd: %.2f m", % self.rear_dist,
[2.270s]                   ^
[2.270s] SyntaxError: invalid syntax
[2.270s] 
[2.270s] running install_data
[2.270s] running install_egg_info
[2.272s] removing '/home/robu/work/robu_jamben19_ws/install/robu/lib/python3.10/site-packages/robu-0.0.0-py3.10.egg-info' (and everything under it)
[2.273s] Copying ../../build/robu/robu.egg-info to /home/robu/work/robu_jamben19_ws/install/robu/lib/python3.10/site-packages/robu-0.0.0-py3.10.egg-info
[2.274s] running install_scripts
[2.306s] Installing mypublisher script to /home/robu/work/robu_jamben19_ws/install/robu/lib/robu
[2.306s] Installing mysubscriber script to /home/robu/work/robu_jamben19_ws/install/robu/lib/robu
[2.307s] Installing wallfollower script to /home/robu/work/robu_jamben19_ws/install/robu/lib/robu
[2.307s] writing list of installed files to '/home/robu/work/robu_jamben19_ws/build/robu/install.log'
[2.373s] Invoked command in '/home/robu/work/robu_jamben19_ws/src/robu' returned '0': PYTHONPATH=/home/robu/work/robu_jamben19_ws/build/robu/prefix_override:/home/robu/work/robu_jamben19_ws/install/robu/lib/python3.10/site-packages:${PYTHONPATH} /usr/bin/python3 setup.py egg_info --egg-base ../../build/robu build --build-base /home/robu/work/robu_jamben19_ws/build/robu/build install --record /home/robu/work/robu_jamben19_ws/build/robu/install.log --single-version-externally-managed
