[5.633s] DEBUG:colcon:Command line arguments: ['/usr/bin/colcon', 'list', '-p', '--base-paths', '/home/robu/work/robu_jamben19_ws']
[5.633s] DEBUG:colcon:Parsed command line arguments: Namespace(log_base=None, log_level=None, verb_name='list', build_base='build', ignore_user_meta=False, metas=['./colcon.meta'], base_paths=['/home/robu/work/robu_jamben19_ws'], packages_ignore=None, packages_ignore_regex=None, paths=None, packages_up_to=None, packages_up_to_regex=None, packages_above=None, packages_above_and_dependencies=None, packages_above_depth=None, packages_select_by_dep=None, packages_skip_by_dep=None, packages_skip_up_to=None, packages_select_build_failed=False, packages_skip_build_finished=False, packages_select_test_failures=False, packages_skip_test_passed=False, packages_select=None, packages_skip=None, packages_select_regex=None, packages_skip_regex=None, packages_start=None, packages_end=None, allow_overriding=[], topological_order=False, names_only=False, paths_only=True, topological_graph=False, topological_graph_dot=False, topological_graph_density=False, topological_graph_legend=False, topological_graph_dot_cluster=False, topological_graph_dot_include_skipped=False, verb_parser=<colcon_defaults.argument_parser.defaults.DefaultArgumentsDecorator object at 0x7f33a300d8a0>, verb_extension=<colcon_package_information.verb.list.ListVerb object at 0x7f33a3032b30>, main=<bound method ListVerb.main of <colcon_package_information.verb.list.ListVerb object at 0x7f33a3032b30>>)
[6.110s] Level 1:colcon.colcon_core.package_discovery:discover_packages(colcon_meta) check parameters
[6.111s] Level 1:colcon.colcon_core.package_discovery:discover_packages(recursive) check parameters
[6.111s] Level 1:colcon.colcon_core.package_discovery:discover_packages(ignore) check parameters
[6.111s] Level 1:colcon.colcon_core.package_discovery:discover_packages(path) check parameters
[6.111s] Level 1:colcon.colcon_core.package_discovery:discover_packages(recursive) discover
[6.136s] INFO:colcon.colcon_core.package_discovery:Crawling recursively for packages in '/home/robu/work/robu_jamben19_ws'
[6.136s] Level 1:colcon.colcon_core.package_identification:_identify(/home/robu/work/robu_jamben19_ws) by extensions ['ignore', 'ignore_ament_install']
[6.136s] Level 1:colcon.colcon_core.package_identification:_identify(/home/robu/work/robu_jamben19_ws) by extension 'ignore'
[6.137s] Level 1:colcon.colcon_core.package_identification:_identify(/home/robu/work/robu_jamben19_ws) by extension 'ignore_ament_install'
[6.137s] Level 1:colcon.colcon_core.package_identification:_identify(/home/robu/work/robu_jamben19_ws) by extensions ['colcon_pkg']
[6.137s] Level 1:colcon.colcon_core.package_identification:_identify(/home/robu/work/robu_jamben19_ws) by extension 'colcon_pkg'
[6.137s] Level 1:colcon.colcon_core.package_identification:_identify(/home/robu/work/robu_jamben19_ws) by extensions ['colcon_meta']
[6.137s] Level 1:colcon.colcon_core.package_identification:_identify(/home/robu/work/robu_jamben19_ws) by extension 'colcon_meta'
[6.137s] Level 1:colcon.colcon_core.package_identification:_identify(/home/robu/work/robu_jamben19_ws) by extensions ['ros']
[6.137s] Level 1:colcon.colcon_core.package_identification:_identify(/home/robu/work/robu_jamben19_ws) by extension 'ros'
[6.278s] Level 1:colcon.colcon_core.package_identification:_identify(/home/robu/work/robu_jamben19_ws) by extensions ['cmake', 'python']
[6.278s] Level 1:colcon.colcon_core.package_identification:_identify(/home/robu/work/robu_jamben19_ws) by extension 'cmake'
[6.279s] Level 1:colcon.colcon_core.package_identification:_identify(/home/robu/work/robu_jamben19_ws) by extension 'python'
[6.279s] Level 1:colcon.colcon_core.package_identification:_identify(/home/robu/work/robu_jamben19_ws) by extensions ['python_setup_py']
[6.279s] Level 1:colcon.colcon_core.package_identification:_identify(/home/robu/work/robu_jamben19_ws) by extension 'python_setup_py'
[6.279s] Level 1:colcon.colcon_core.package_identification:_identify(/home/robu/work/robu_jamben19_ws/build) by extensions ['ignore', 'ignore_ament_install']
[6.279s] Level 1:colcon.colcon_core.package_identification:_identify(/home/robu/work/robu_jamben19_ws/build) by extension 'ignore'
[6.279s] Level 1:colcon.colcon_core.package_identification:_identify(/home/robu/work/robu_jamben19_ws/build) ignored
[6.280s] Level 1:colcon.colcon_core.package_identification:_identify(/home/robu/work/robu_jamben19_ws/install) by extensions ['ignore', 'ignore_ament_install']
[6.280s] Level 1:colcon.colcon_core.package_identification:_identify(/home/robu/work/robu_jamben19_ws/install) by extension 'ignore'
[6.280s] Level 1:colcon.colcon_core.package_identification:_identify(/home/robu/work/robu_jamben19_ws/install) ignored
[6.280s] Level 1:colcon.colcon_core.package_identification:_identify(/home/robu/work/robu_jamben19_ws/log) by extensions ['ignore', 'ignore_ament_install']
[6.280s] Level 1:colcon.colcon_core.package_identification:_identify(/home/robu/work/robu_jamben19_ws/log) by extension 'ignore'
[6.280s] Level 1:colcon.colcon_core.package_identification:_identify(/home/robu/work/robu_jamben19_ws/log) ignored
[6.280s] Level 1:colcon.colcon_core.package_identification:_identify(/home/robu/work/robu_jamben19_ws/src) by extensions ['ignore', 'ignore_ament_install']
[6.280s] Level 1:colcon.colcon_core.package_identification:_identify(/home/robu/work/robu_jamben19_ws/src) by extension 'ignore'
[6.280s] Level 1:colcon.colcon_core.package_identification:_identify(/home/robu/work/robu_jamben19_ws/src) by extension 'ignore_ament_install'
[6.281s] Level 1:colcon.colcon_core.package_identification:_identify(/home/robu/work/robu_jamben19_ws/src) by extensions ['colcon_pkg']
[6.281s] Level 1:colcon.colcon_core.package_identification:_identify(/home/robu/work/robu_jamben19_ws/src) by extension 'colcon_pkg'
[6.281s] Level 1:colcon.colcon_core.package_identification:_identify(/home/robu/work/robu_jamben19_ws/src) by extensions ['colcon_meta']
[6.281s] Level 1:colcon.colcon_core.package_identification:_identify(/home/robu/work/robu_jamben19_ws/src) by extension 'colcon_meta'
[6.281s] Level 1:colcon.colcon_core.package_identification:_identify(/home/robu/work/robu_jamben19_ws/src) by extensions ['ros']
[6.281s] Level 1:colcon.colcon_core.package_identification:_identify(/home/robu/work/robu_jamben19_ws/src) by extension 'ros'
[6.281s] Level 1:colcon.colcon_core.package_identification:_identify(/home/robu/work/robu_jamben19_ws/src) by extensions ['cmake', 'python']
[6.281s] Level 1:colcon.colcon_core.package_identification:_identify(/home/robu/work/robu_jamben19_ws/src) by extension 'cmake'
[6.281s] Level 1:colcon.colcon_core.package_identification:_identify(/home/robu/work/robu_jamben19_ws/src) by extension 'python'
[6.281s] Level 1:colcon.colcon_core.package_identification:_identify(/home/robu/work/robu_jamben19_ws/src) by extensions ['python_setup_py']
[6.281s] Level 1:colcon.colcon_core.package_identification:_identify(/home/robu/work/robu_jamben19_ws/src) by extension 'python_setup_py'
[6.281s] Level 1:colcon.colcon_core.package_identification:_identify(/home/robu/work/robu_jamben19_ws/src/robu) by extensions ['ignore', 'ignore_ament_install']
[6.281s] Level 1:colcon.colcon_core.package_identification:_identify(/home/robu/work/robu_jamben19_ws/src/robu) by extension 'ignore'
[6.281s] Level 1:colcon.colcon_core.package_identification:_identify(/home/robu/work/robu_jamben19_ws/src/robu) by extension 'ignore_ament_install'
[6.282s] Level 1:colcon.colcon_core.package_identification:_identify(/home/robu/work/robu_jamben19_ws/src/robu) by extensions ['colcon_pkg']
[6.282s] Level 1:colcon.colcon_core.package_identification:_identify(/home/robu/work/robu_jamben19_ws/src/robu) by extension 'colcon_pkg'
[6.282s] Level 1:colcon.colcon_core.package_identification:_identify(/home/robu/work/robu_jamben19_ws/src/robu) by extensions ['colcon_meta']
[6.282s] Level 1:colcon.colcon_core.package_identification:_identify(/home/robu/work/robu_jamben19_ws/src/robu) by extension 'colcon_meta'
[6.282s] Level 1:colcon.colcon_core.package_identification:_identify(/home/robu/work/robu_jamben19_ws/src/robu) by extensions ['ros']
[6.282s] Level 1:colcon.colcon_core.package_identification:_identify(/home/robu/work/robu_jamben19_ws/src/robu) by extension 'ros'
[6.310s] DEBUG:colcon.colcon_core.package_identification:Failed to parse potential ROS package manifest in'/home/robu/work/robu_jamben19_ws/src/robu': Error(s) in package '/home/robu/work/robu_jamben19_ws/src/robu/package.xml':
The manifest contains invalid XML:
mismatched tag: line 22, column 2
[6.310s] Level 1:colcon.colcon_core.package_identification:_identify(/home/robu/work/robu_jamben19_ws/src/robu) by extensions ['cmake', 'python']
[6.310s] Level 1:colcon.colcon_core.package_identification:_identify(/home/robu/work/robu_jamben19_ws/src/robu) by extension 'cmake'
[6.311s] Level 1:colcon.colcon_core.package_identification:_identify(/home/robu/work/robu_jamben19_ws/src/robu) by extension 'python'
[6.311s] DEBUG:colcon.colcon_core.package_identification:Python package in '/home/robu/work/robu_jamben19_ws/src/robu' passes arguments to the setup() function which requires a different identification extension than 'python'
[6.311s] Level 1:colcon.colcon_core.package_identification:_identify(/home/robu/work/robu_jamben19_ws/src/robu) by extensions ['python_setup_py']
[6.311s] Level 1:colcon.colcon_core.package_identification:_identify(/home/robu/work/robu_jamben19_ws/src/robu) by extension 'python_setup_py'
[9.368s] DEBUG:colcon.colcon_core.package_identification:Package '/home/robu/work/robu_jamben19_ws/src/robu' with type 'python' and name 'robu'
[9.368s] Level 1:colcon.colcon_core.package_discovery:discover_packages(recursive) using defaults
