[1.149s] Invoking command in '/home/robu/work/robu_jamben19_ws/src/robu': PYTHONPATH=/home/robu/work/robu_jamben19_ws/build/robu/prefix_override:/home/robu/work/robu_jamben19_ws/install/robu/lib/python3.10/site-packages:${PYTHONPATH} /usr/bin/python3 setup.py egg_info --egg-base ../../build/robu build --build-base /home/robu/work/robu_jamben19_ws/build/robu/build install --record /home/robu/work/robu_jamben19_ws/build/robu/install.log --single-version-externally-managed
[1.602s] running egg_info
[1.603s] writing ../../build/robu/robu.egg-info/PKG-INFO
[1.603s] writing dependency_links to ../../build/robu/robu.egg-info/dependency_links.txt
[1.604s] writing entry points to ../../build/robu/robu.egg-info/entry_points.txt
[1.604s] writing requirements to ../../build/robu/robu.egg-info/requires.txt
[1.604s] writing top-level names to ../../build/robu/robu.egg-info/top_level.txt
[1.607s] reading manifest file '../../build/robu/robu.egg-info/SOURCES.txt'
[1.608s] writing manifest file '../../build/robu/robu.egg-info/SOURCES.txt'
[1.608s] running build
[1.609s] running build_py
[1.609s] copying robu/ex10_wallfollower.py -> /home/robu/work/robu_jamben19_ws/build/robu/build/lib/robu
[1.609s] running install
[1.609s] running install_lib
[1.610s] copying /home/robu/work/robu_jamben19_ws/build/robu/build/lib/robu/ex10_wallfollower.py -> /home/robu/work/robu_jamben19_ws/install/robu/lib/python3.10/site-packages/robu
[1.612s] byte-compiling /home/robu/work/robu_jamben19_ws/install/robu/lib/python3.10/site-packages/robu/ex10_wallfollower.py to ex10_wallfollower.cpython-310.pyc
[1.614s] running install_data
[1.615s] running install_egg_info
[1.618s] removing '/home/robu/work/robu_jamben19_ws/install/robu/lib/python3.10/site-packages/robu-0.0.0-py3.10.egg-info' (and everything under it)
[1.618s] Copying ../../build/robu/robu.egg-info to /home/robu/work/robu_jamben19_ws/install/robu/lib/python3.10/site-packages/robu-0.0.0-py3.10.egg-info
[1.619s] running install_scripts
[1.647s] Installing mypublisher script to /home/robu/work/robu_jamben19_ws/install/robu/lib/robu
[1.648s] Installing mysubscriber script to /home/robu/work/robu_jamben19_ws/install/robu/lib/robu
[1.648s] Installing wallfollower script to /home/robu/work/robu_jamben19_ws/install/robu/lib/robu
[1.649s] writing list of installed files to '/home/robu/work/robu_jamben19_ws/build/robu/install.log'
[1.712s] Invoked command in '/home/robu/work/robu_jamben19_ws/src/robu' returned '0': PYTHONPATH=/home/robu/work/robu_jamben19_ws/build/robu/prefix_override:/home/robu/work/robu_jamben19_ws/install/robu/lib/python3.10/site-packages:${PYTHONPATH} /usr/bin/python3 setup.py egg_info --egg-base ../../build/robu build --build-base /home/robu/work/robu_jamben19_ws/build/robu/build install --record /home/robu/work/robu_jamben19_ws/build/robu/install.log --single-version-externally-managed
