[1.085s] Invoking command in '/home/robu/work/robu_jamben19_ws/src/robu': PYTHONPATH=/home/robu/work/robu_jamben19_ws/build/robu/prefix_override:/home/robu/work/robu_jamben19_ws/install/robu/lib/python3.10/site-packages:${PYTHONPATH} /usr/bin/python3 setup.py egg_info --egg-base ../../build/robu build --build-base /home/robu/work/robu_jamben19_ws/build/robu/build install --record /home/robu/work/robu_jamben19_ws/build/robu/install.log --single-version-externally-managed
[1.484s] running egg_info
[1.484s] writing ../../build/robu/robu.egg-info/PKG-INFO
[1.485s] writing dependency_links to ../../build/robu/robu.egg-info/dependency_links.txt
[1.486s] writing entry points to ../../build/robu/robu.egg-info/entry_points.txt
[1.486s] writing requirements to ../../build/robu/robu.egg-info/requires.txt
[1.486s] writing top-level names to ../../build/robu/robu.egg-info/top_level.txt
[1.489s] reading manifest file '../../build/robu/robu.egg-info/SOURCES.txt'
[1.490s] writing manifest file '../../build/robu/robu.egg-info/SOURCES.txt'
[1.491s] running build
[1.491s] running build_py
[1.491s] running install
[1.492s] running install_lib
[1.494s] running install_data
[1.495s] running install_egg_info
[1.497s] removing '/home/robu/work/robu_jamben19_ws/install/robu/lib/python3.10/site-packages/robu-0.0.0-py3.10.egg-info' (and everything under it)
[1.504s] Copying ../../build/robu/robu.egg-info to /home/robu/work/robu_jamben19_ws/install/robu/lib/python3.10/site-packages/robu-0.0.0-py3.10.egg-info
[1.506s] running install_scripts
[1.534s] Installing mypublisher script to /home/robu/work/robu_jamben19_ws/install/robu/lib/robu
[1.535s] Installing mysubscriber script to /home/robu/work/robu_jamben19_ws/install/robu/lib/robu
[1.535s] Installing wallfollower script to /home/robu/work/robu_jamben19_ws/install/robu/lib/robu
[1.535s] writing list of installed files to '/home/robu/work/robu_jamben19_ws/build/robu/install.log'
[1.603s] Invoked command in '/home/robu/work/robu_jamben19_ws/src/robu' returned '0': PYTHONPATH=/home/robu/work/robu_jamben19_ws/build/robu/prefix_override:/home/robu/work/robu_jamben19_ws/install/robu/lib/python3.10/site-packages:${PYTHONPATH} /usr/bin/python3 setup.py egg_info --egg-base ../../build/robu build --build-base /home/robu/work/robu_jamben19_ws/build/robu/build install --record /home/robu/work/robu_jamben19_ws/build/robu/install.log --single-version-externally-managed
