[0.937s] Invoking command in '/home/robu/work/robu_jamben19_ws/build/robu': PYTHONPATH=/home/robu/work/robu_jamben19_ws/build/robu/prefix_override:/home/robu/work/robu_jamben19_ws/install/robu/lib/python3.10/site-packages:${PYTHONPATH} /usr/bin/python3 setup.py develop --editable --build-directory /home/robu/work/robu_jamben19_ws/build/robu/build --no-deps install_data
[1.320s] running develop
[1.569s] running egg_info
[1.570s] creating robu.egg-info
[1.571s] writing robu.egg-info/PKG-INFO
[1.572s] writing dependency_links to robu.egg-info/dependency_links.txt
[1.573s] writing entry points to robu.egg-info/entry_points.txt
[1.573s] writing requirements to robu.egg-info/requires.txt
[1.574s] writing top-level names to robu.egg-info/top_level.txt
[1.575s] writing manifest file 'robu.egg-info/SOURCES.txt'
[1.578s] reading manifest file 'robu.egg-info/SOURCES.txt'
[1.579s] writing manifest file 'robu.egg-info/SOURCES.txt'
[1.587s] running build_ext
[1.588s] Creating /home/robu/work/robu_jamben19_ws/install/robu/lib/python3.10/site-packages/robu.egg-link (link to .)
[1.590s] Installing mypublisher script to /home/robu/work/robu_jamben19_ws/install/robu/lib/robu
[1.591s] Installing mysubscriber script to /home/robu/work/robu_jamben19_ws/install/robu/lib/robu
[1.592s] Installing wallfollower script to /home/robu/work/robu_jamben19_ws/install/robu/lib/robu
[1.593s] 
[1.593s] Installed /home/robu/work/robu_jamben19_ws/build/robu
[1.593s] running install_data
[1.594s] creating /home/robu/work/robu_jamben19_ws/install/robu/share
[1.594s] creating /home/robu/work/robu_jamben19_ws/install/robu/share/ament_index
[1.595s] creating /home/robu/work/robu_jamben19_ws/install/robu/share/ament_index/resource_index
[1.595s] creating /home/robu/work/robu_jamben19_ws/install/robu/share/ament_index/resource_index/packages
[1.596s] copying resource/robu -> /home/robu/work/robu_jamben19_ws/install/robu/share/ament_index/resource_index/packages
[1.596s] creating /home/robu/work/robu_jamben19_ws/install/robu/share/robu
[1.597s] copying package.xml -> /home/robu/work/robu_jamben19_ws/install/robu/share/robu
[1.664s] Invoked command in '/home/robu/work/robu_jamben19_ws/build/robu' returned '0': PYTHONPATH=/home/robu/work/robu_jamben19_ws/build/robu/prefix_override:/home/robu/work/robu_jamben19_ws/install/robu/lib/python3.10/site-packages:${PYTHONPATH} /usr/bin/python3 setup.py develop --editable --build-directory /home/robu/work/robu_jamben19_ws/build/robu/build --no-deps install_data
